<?xml version="1.0" encoding="UTF-8"?>
<!-- Generated by org.testng.reporters.JUnitReportReporter -->
<testsuite hostname="DESKTOP-3S42E7Q" name="gitGen.GitJen" tests="1" failures="0" timestamp="9 May 2018 09:13:24 GMT" time="0.016" errors="0">
  <testcase name="display" time="0.016" classname="gitGen.GitJen"/>
</testsuite>
